<?xml version="1.0" encoding="UTF-8"?>
<robot generator="Robot 5.0.1 (Python 3.9.13 on win32)" generated="20230619 23:36:12.071" rpa="true" schemaversion="3">
<suite id="s1" name="Tasks" source="C:\Users\Aileen\Desktop\beecker\rbc2\tasks.robot">
<test id="s1-t1" name="Order robots from RobotSpareBin Industries Inc" line="18">
<kw name="zipmaker">
<kw name="Archive Folder With Zip" library="RPA.Archive">
<arg>${OUTPUT_DIR}</arg>
<arg>${OUTPUT_DIR}${/}zipp.zip</arg>
<arg>include=*.pdf</arg>
<doc>Create a zip archive of a folder</doc>
<status status="PASS" starttime="20230619 23:36:19.700" endtime="20230619 23:36:19.758"/>
</kw>
<status status="PASS" starttime="20230619 23:36:19.690" endtime="20230619 23:36:19.759"/>
</kw>
<kw name="Log out and close the browser" type="TEARDOWN">
<kw name="Close Browser" library="RPA.Browser.Selenium">
<doc>Closes the current browser.</doc>
<status status="PASS" starttime="20230619 23:36:19.766" endtime="20230619 23:36:19.767"/>
</kw>
<status status="PASS" starttime="20230619 23:36:19.763" endtime="20230619 23:36:19.768"/>
</kw>
<status status="PASS" starttime="20230619 23:36:19.685" endtime="20230619 23:36:19.769"/>
</test>
<doc>Orders robots from RobotSpareBin Industries Inc.
Saves the order HTML receipt as a PDF file.
Saves the screenshot of the ordered robot.
Embeds the screenshot of the robot to the PDF receipt.
Creates ZIP archive of the receipts and the images.</doc>
<status status="PASS" starttime="20230619 23:36:12.080" endtime="20230619 23:36:19.782"/>
</suite>
<statistics>
<total>
<stat pass="1" fail="0" skip="0">All Tasks</stat>
</total>
<tag>
</tag>
<suite>
<stat pass="1" fail="0" skip="0" id="s1" name="Tasks">Tasks</stat>
</suite>
</statistics>
<errors>
</errors>
</robot>
